<?xml version="1.0" encoding="UTF-8"?>
<!-- Generated by org.testng.reporters.JUnitXMLReporter -->
<testsuite ignored="0" hostname="Pradeep" failures="1" tests="3" name="LicenseCreation" time="0.08" errors="0" timestamp="2025-05-19T16:41:35 IST">
  <testcase classname="job.salesOrderTest" name="createSO" time="0.01"/>
  <testcase classname="job.InvoiceTest" name="createInvoice" time="0.004"/>
  <testcase classname="job.LicensingTest" name="createLicense" time="0.0">
    <failure type="org.testng.TestNGException" message="
Cannot inject @Test annotated Method [createLicense] with [class java.lang.String, class java.lang.String].
For more information on native dependency injection please refer to https://testng.org/doc/documentation-main.html#native-dependency-injection">
      <![CDATA[org.testng.TestNGException: 
Cannot inject @Test annotated Method [createLicense] with [class java.lang.String, class java.lang.String].
For more information on native dependency injection please refer to https://testng.org/doc/documentation-main.html#native-dependency-injection
at java.base/java.util.ArrayList.forEach(ArrayList.java:1511)
... Removed 26 stack frames]]>
    </failure>
  </testcase> <!-- createLicense -->
</testsuite> <!-- LicenseCreation -->
