<?xml version="1.0" encoding="UTF-8"?>
<!-- Generated by org.testng.reporters.JUnitXMLReporter -->
<testsuite ignored="0" hostname="Pradeep" failures="0" tests="3" name="LicenseCreation" time="0.12" errors="0" timestamp="2025-05-19T17:38:51 IST">
  <testcase classname="job.salesOrderTest" name="createSO" time="0.009"/>
  <testcase classname="job.InvoiceTest" name="createInvoice" time="0.01"/>
  <testcase classname="job.LicensingTest" name="createLicense" time="0.007"/>
</testsuite> <!-- LicenseCreation -->
