<?xml version="1.0" encoding="UTF-8"?>
<!-- Generated by org.testng.reporters.JUnitXMLReporter -->
<testsuite ignored="0" hostname="Pradeep" failures="1" tests="2" name="Test" time="0.081" errors="0" timestamp="2025-05-18T20:52:07 IST">
  <testcase classname="job.salesOrderTest" name="createSO" time="0.006">
    <failure type="java.lang.NullPointerException" message="Cannot invoke &amp;quot;Object.toString()&amp;quot; because the return value of &amp;quot;org.testng.ITestContext.getAttribute(String)&amp;quot; is null">
      <![CDATA[java.lang.NullPointerException: Cannot invoke "Object.toString()" because the return value of "org.testng.ITestContext.getAttribute(String)" is null
at job.salesOrderTest.createSO(salesOrderTest.java:15)
at java.base/java.util.ArrayList.forEach(ArrayList.java:1511)
... Removed 27 stack frames]]>
    </failure>
  </testcase> <!-- createSO -->
  <testcase classname="job.InvoiceTest" name="createInvoice" time="0.004"/>
</testsuite> <!-- Test -->
