<?xml version="1.0" encoding="UTF-8"?>
<testng-results ignored="0" total="1" passed="1" failed="0" skipped="0">
  <reporter-output>
  </reporter-output>
  <suite started-at="2025-05-21T13:10:33 IST" name="Suite" finished-at="2025-05-21T13:10:33 IST" duration-ms="68">
    <groups>
    </groups>
    <test started-at="2025-05-21T13:10:33 IST" name="InvoiceCreationWithoutSO" finished-at="2025-05-21T13:10:33 IST" duration-ms="68">
      <class name="job.InvoiceTest">
        <test-method signature="createInvoice(java.lang.String,org.testng.ITestContext,java.lang.String)[pri:1, instance:job.InvoiceTest@52b1beb6]" started-at="2025-05-21T13:10:33 IST" name="createInvoice" finished-at="2025-05-21T13:10:33 IST" duration-ms="10" status="PASS">
          <params>
            <param index="0">
              <value>
                <![CDATA[]]>
              </value>
            </param>
            <param index="1">
              <value>
                <![CDATA[org.testng.TestRunner@47caedad]]>
              </value>
            </param>
            <param index="2">
              <value>
                <![CDATA[renew]]>
              </value>
            </param>
          </params>
          <reporter-output>
          </reporter-output>
        </test-method> <!-- createInvoice -->
      </class> <!-- job.InvoiceTest -->
    </test> <!-- InvoiceCreationWithoutSO -->
  </suite> <!-- Suite -->
</testng-results>
